2.1.2 0.41.1 0.17.1
ibm_torino 133
ibm_brisbane 127
Resource A:  <IBMBackend('ibm_torino')>
Resource B:  <IBMBackend('ibm_brisbane')>
A basis gates: ['cz', 'id', 'rz', 'sx', 'x']
B basis gates: ['ecr', 'id', 'rz', 'sx', 'x']
A ops: OrderedDict({'rz': 10, 'sx': 5, 'measure': 5, 'barrier': 1}) depth: 4
B ops: OrderedDict({'rz': 10, 'sx': 5, 'measure': 5, 'barrier': 1}) depth: 4
ISA A initial_index_layout: [37, 81, 55, 117, 18, 0, 1, 2, 3, 4, 5, 6, 7, 8, 9, 10, 11, 12, 13, 14, 15, 16, 17, 19, 20, 21, 22, 23, 24, 25, 26, 27, 28, 29, 30, 31, 32, 33, 34, 35, 36, 38, 39, 40, 41, 42, 43, 44, 45, 46, 47, 48, 49, 50, 51, 52, 53, 54, 56, 57, 58, 59, 60, 61, 62, 63, 64, 65, 66, 67, 68, 69, 70, 71, 72, 73, 74, 75, 76, 77, 78, 79, 80, 82, 83, 84, 85, 86, 87, 88, 89, 90, 91, 92, 93, 94, 95, 96, 97, 98, 99, 100, 101, 102, 103, 104, 105, 106, 107, 108, 109, 110, 111, 112, 113, 114, 115, 116, 118, 119, 120, 121, 122, 123, 124, 125, 126, 127, 128, 129, 130, 131, 132]
ISA A routing_permutation:  [0, 1, 2, 3, 4, 5, 6, 7, 8, 9, 10, 11, 12, 13, 14, 15, 16, 17, 18, 19, 20, 21, 22, 23, 24, 25, 26, 27, 28, 29, 30, 31, 32, 33, 34, 35, 36, 37, 38, 39, 40, 41, 42, 43, 44, 45, 46, 47, 48, 49, 50, 51, 52, 53, 54, 55, 56, 57, 58, 59, 60, 61, 62, 63, 64, 65, 66, 67, 68, 69, 70, 71, 72, 73, 74, 75, 76, 77, 78, 79, 80, 81, 82, 83, 84, 85, 86, 87, 88, 89, 90, 91, 92, 93, 94, 95, 96, 97, 98, 99, 100, 101, 102, 103, 104, 105, 106, 107, 108, 109, 110, 111, 112, 113, 114, 115, 116, 117, 118, 119, 120, 121, 122, 123, 124, 125, 126, 127, 128, 129, 130, 131, 132]
ISA A final_index_layout:   [37, 81, 55, 117, 18]
ISA B final_index_layout:   [118, 2, 103, 18, 30]
Counts: {'10110': 68, '01011': 67, '10101': 53, '01000': 58, '10111': 72, '00100': 72, '11001': 72, '00111': 57, '00101': 49, '11110': 58, '00110': 70, '11101': 64, '00000': 68, '10100': 51, '00010': 64, '01101': 72, '00001': 56, '11011': 59, '10001': 58, '11100': 63, '01100': 71, '01010': 61, '11010': 69, '01111': 62, '01001': 59, '10010': 71, '00011': 61, '10011': 66, '11000': 61, '10000': 51, '11111': 63, '01110': 54}
p_sim:  [0.495  0.511  0.4995 0.5065 0.4995]
p_A [0.4995 0.503  0.5045 0.469  0.5095]
p_B [0.5095 0.515  0.4905 0.4955 0.503 ]
--- Bonus 1 ---
A per-qubit P(1): [0.5   0.503 0.504 0.469 0.509] overall: 0.497 SE~ 0.0112
A suspect qubits: []
B per-qubit P(1): [0.509 0.515 0.49  0.496 0.503] overall: 0.503 SE~ 0.0112
B suspect qubits: []
--- Bonus 2 ---
A runs (flip fraction) per qubit: [0.492 0.494 0.508 0.509 0.494]
B runs (flip fraction) per qubit: [0.484 0.529 0.496 0.524 0.534]
--- Bonus 3 ---
A lag-1 autocorr per qubit: [ 0.016  0.012 -0.017 -0.021  0.011]
B lag-1 autocorr per qubit: [ 0.031 -0.058  0.007 -0.048 -0.068]
--- Bonus 4 ---
A suspicious pairs: []
B suspicious pairs: []
--- Bonus END ---
